<?xml version="1.0" encoding="UTF-8" ?>
<testsuite tests="10" failures="1" name="se.nackademin.librarytest.SelenideTest" time="12.84" errors="0" skipped="9">
  <properties>
[...]
</properties>
  <testcase classname="se.nackademin.librarytest.SelenideTest" name="testBorrowBookWithNoCopiesLeft" time="0">
    <skipped/>
  </testcase>
  <testcase classname="se.nackademin.librarytest.SelenideTest" name="testChangePublishDate" time="0.003">
    <skipped/>
  </testcase>
  <testcase classname="se.nackademin.librarytest.SelenideTest" name="testBorrowAndReturnBook" time="0.003">
    <skipped/>
  </testcase>
  <testcase classname="se.nackademin.librarytest.SelenideTest" name="testCreateAndDeleteBook" time="0.003">
    <skipped/>
  </testcase>
  <testcase classname="se.nackademin.librarytest.SelenideTest" name="testCreateAndDeleteNewAuthor" time="0.003">
    <skipped/>
  </testcase>
  <testcase classname="se.nackademin.librarytest.SelenideTest" name="testCreateUserWithExisitngUsername" time="0.003">
    <skipped/>
  </testcase>
  <testcase classname="se.nackademin.librarytest.SelenideTest" name="testChangeUserEmail" time="0.003">
    <skipped/>
  </testcase>
  <testcase classname="se.nackademin.librarytest.SelenideTest" name="testCreateBookWithoutTitle" time="0.003">
    <skipped/>
  </testcase>
  <testcase classname="se.nackademin.librarytest.SelenideTest" name="testCreateNewLibrarian" time="12.791">
    <failure message="Element not found {#main-content-header}
Expected: exist" type="Element not found {#main-content-header}
Expected">Element not found {#main-content-header}
Expected: exist
Screenshot: file:/home/jesper/git/librarytest/librarytest/build/reports/tests/1464644204347.0.png
Timeout: 4 s.
Caused by: NoSuchElementException: Unable to locate element: {&quot;method&quot;:&quot;css selector&quot;,&quot;selector&quot;:&quot;#main-content-header&quot;}
	at com.codeborne.selenide.impl.WebElementSource.createElementNotFoundError(WebElementSource.java:31)
	at com.codeborne.selenide.impl.ElementFinder.createElementNotFoundError(ElementFinder.java:82)
	at com.codeborne.selenide.impl.SelenideElementProxy.dispatchAndRetry(SelenideElementProxy.java:107)
	at com.codeborne.selenide.impl.SelenideElementProxy.invoke(SelenideElementProxy.java:58)
	at com.sun.proxy.$Proxy8.getText(Unknown Source)
	at se.nackademin.librarytest.pages.PageBase.getTextFromField(PageBase.java:29)
	at se.nackademin.librarytest.pages.AddBookPage.getAddBookContentHeader(AddBookPage.java:45)
	at se.nackademin.librarytest.SelenideTest.testCreateNewLibrarian(SelenideTest.java:62)
	at sun.reflect.NativeMethodAccessorImpl.invoke0(Native Method)
	at sun.reflect.NativeMethodAccessorImpl.invoke(NativeMethodAccessorImpl.java:62)
	at sun.reflect.DelegatingMethodAccessorImpl.invoke(DelegatingMethodAccessorImpl.java:43)
	at java.lang.reflect.Method.invoke(Method.java:498)
	at org.junit.runners.model.FrameworkMethod$1.runReflectiveCall(FrameworkMethod.java:50)
	at org.junit.internal.runners.model.ReflectiveCallable.run(ReflectiveCallable.java:12)
	at org.junit.runners.model.FrameworkMethod.invokeExplosively(FrameworkMethod.java:47)
	at org.junit.internal.runners.statements.InvokeMethod.evaluate(InvokeMethod.java:17)
	at org.junit.internal.runners.statements.RunBefores.evaluate(RunBefores.java:26)
	at org.junit.internal.runners.statements.RunAfters.evaluate(RunAfters.java:27)
	at org.junit.runners.ParentRunner.runLeaf(ParentRunner.java:325)
	at org.junit.runners.BlockJUnit4ClassRunner.runChild(BlockJUnit4ClassRunner.java:78)
	at org.junit.runners.BlockJUnit4ClassRunner.runChild(BlockJUnit4ClassRunner.java:57)
	at org.junit.runners.ParentRunner$3.run(ParentRunner.java:290)
	at org.junit.runners.ParentRunner$1.schedule(ParentRunner.java:71)
	at org.junit.runners.ParentRunner.runChildren(ParentRunner.java:288)
	at org.junit.runners.ParentRunner.access$000(ParentRunner.java:58)
	at org.junit.runners.ParentRunner$2.evaluate(ParentRunner.java:268)
	at org.junit.runners.ParentRunner.run(ParentRunner.java:363)
	at org.apache.maven.surefire.junit4.JUnit4TestSet.execute(JUnit4TestSet.java:53)
	at org.apache.maven.surefire.junit4.JUnit4Provider.executeTestSet(JUnit4Provider.java:123)
	at org.apache.maven.surefire.junit4.JUnit4Provider.invoke(JUnit4Provider.java:104)
	at sun.reflect.NativeMethodAccessorImpl.invoke0(Native Method)
	at sun.reflect.NativeMethodAccessorImpl.invoke(NativeMethodAccessorImpl.java:62)
	at sun.reflect.DelegatingMethodAccessorImpl.invoke(DelegatingMethodAccessorImpl.java:43)
	at java.lang.reflect.Method.invoke(Method.java:498)
	at org.apache.maven.surefire.util.ReflectionUtils.invokeMethodWithArray(ReflectionUtils.java:164)
	at org.apache.maven.surefire.booter.ProviderFactory$ProviderProxy.invoke(ProviderFactory.java:110)
	at org.apache.maven.surefire.booter.SurefireStarter.invokeProvider(SurefireStarter.java:175)
	at org.apache.maven.surefire.booter.SurefireStarter.runSuitesInProcessWhenForked(SurefireStarter.java:107)
	at org.apache.maven.surefire.booter.ForkedBooter.main(ForkedBooter.java:68)
Caused by: org.openqa.selenium.NoSuchElementException: Unable to locate element: {&quot;method&quot;:&quot;css selector&quot;,&quot;selector&quot;:&quot;#main-content-header&quot;}
Command duration or timeout: 6 milliseconds
For documentation on this error, please visit: http://seleniumhq.org/exceptions/no_such_element.html
Build info: version: &apos;2.53.0&apos;, revision: &apos;35ae25b1534ae328c771e0856c93e187490ca824&apos;, time: &apos;2016-03-15 10:43:46&apos;
System info: host: &apos;jesper-VirtualBox&apos;, ip: &apos;127.0.1.1&apos;, os.name: &apos;Linux&apos;, os.arch: &apos;i386&apos;, os.version: &apos;3.19.0-56-generic&apos;, java.version: &apos;1.8.0_72&apos;
Driver info: org.openqa.selenium.firefox.FirefoxDriver
Capabilities [{applicationCacheEnabled=true, rotatable=false, pageLoadStrategy=none, handlesAlerts=true, databaseEnabled=true, version=44.0, platform=LINUX, nativeEvents=false, acceptSslCerts=true, webStorageEnabled=true, locationContextEnabled=true, browserName=firefox, takesScreenshot=true, javascriptEnabled=true, pageLoadingStrategy=none, cssSelectorsEnabled=true}]
Session ID: 05441002-d493-4915-b8fd-feb19a5f6d4b
*** Element info: {Using=css selector, value=#main-content-header}
	at sun.reflect.GeneratedConstructorAccessor11.newInstance(Unknown Source)
	at sun.reflect.DelegatingConstructorAccessorImpl.newInstance(DelegatingConstructorAccessorImpl.java:45)
	at java.lang.reflect.Constructor.newInstance(Constructor.java:423)
	at org.openqa.selenium.remote.ErrorHandler.createThrowable(ErrorHandler.java:206)
	at org.openqa.selenium.remote.ErrorHandler.throwIfResponseFailed(ErrorHandler.java:158)
	at org.openqa.selenium.remote.RemoteWebDriver.execute(RemoteWebDriver.java:678)
	at org.openqa.selenium.remote.RemoteWebDriver.findElement(RemoteWebDriver.java:363)
	at org.openqa.selenium.remote.RemoteWebDriver.findElementByCssSelector(RemoteWebDriver.java:492)
	at org.openqa.selenium.By$ByCssSelector.findElement(By.java:430)
	at org.openqa.selenium.remote.RemoteWebDriver.findElement(RemoteWebDriver.java:355)
	at com.codeborne.selenide.impl.WebElementSelector.findElement(WebElementSelector.java:28)
	at com.codeborne.selenide.impl.ElementFinder.getWebElement(ElementFinder.java:56)
	at com.codeborne.selenide.commands.GetText.execute(GetText.java:13)
	at com.codeborne.selenide.commands.GetText.execute(GetText.java:8)
	at com.codeborne.selenide.commands.Commands.execute(Commands.java:136)
	at com.codeborne.selenide.impl.SelenideElementProxy.dispatchAndRetry(SelenideElementProxy.java:82)
	... 36 more
Caused by: org.openqa.selenium.NoSuchElementException: Unable to locate element: {&quot;method&quot;:&quot;css selector&quot;,&quot;selector&quot;:&quot;#main-content-header&quot;}
For documentation on this error, please visit: http://seleniumhq.org/exceptions/no_such_element.html
Build info: version: &apos;2.53.0&apos;, revision: &apos;35ae25b1534ae328c771e0856c93e187490ca824&apos;, time: &apos;2016-03-15 10:43:46&apos;
System info: host: &apos;jesper-VirtualBox&apos;, ip: &apos;127.0.1.1&apos;, os.name: &apos;Linux&apos;, os.arch: &apos;i386&apos;, os.version: &apos;3.19.0-56-generic&apos;, java.version: &apos;1.8.0_72&apos;
Driver info: driver.version: unknown
	at &lt;anonymous class&gt;.FirefoxDriver.prototype.findElementInternal_(file:///tmp/anonymous3846766169090095467webdriver-profile/extensions/fxdriver@googlecode.com/components/driver-component.js:10770)
	at &lt;anonymous class&gt;.FirefoxDriver.prototype.findElement(file:///tmp/anonymous3846766169090095467webdriver-profile/extensions/fxdriver@googlecode.com/components/driver-component.js:10779)
	at &lt;anonymous class&gt;.DelayedCommand.prototype.executeInternal_/h(file:///tmp/anonymous3846766169090095467webdriver-profile/extensions/fxdriver@googlecode.com/components/command-processor.js:12661)
	at &lt;anonymous class&gt;.DelayedCommand.prototype.executeInternal_(file:///tmp/anonymous3846766169090095467webdriver-profile/extensions/fxdriver@googlecode.com/components/command-processor.js:12666)
	at &lt;anonymous class&gt;.DelayedCommand.prototype.execute/&lt;(file:///tmp/anonymous3846766169090095467webdriver-profile/extensions/fxdriver@googlecode.com/components/command-processor.js:12608)
</failure>
    <system-err>May 30, 2016 11:36:34 PM com.codeborne.selenide.webdriver.WebDriverFactory createWebDriver
INFO: BrowserName=firefox Version=44.0 Platform=LINUX
May 30, 2016 11:36:34 PM com.codeborne.selenide.webdriver.WebDriverFactory createWebDriver
INFO: Selenide v. 3.5.1
May 30, 2016 11:36:34 PM com.codeborne.selenide.webdriver.WebDriverFactory createWebDriver
INFO: Selenium WebDriver v. 2.53.0 build time: 2016-03-15 10:43:46
May 30, 2016 11:36:34 PM com.codeborne.selenide.impl.WebDriverThreadLocalContainer createDriver
INFO: Create webdriver in current thread 1: FirefoxDriver -&gt; FirefoxDriver: firefox on LINUX (05441002-d493-4915-b8fd-feb19a5f6d4b)
May 30, 2016 11:36:34 PM se.nackademin.librarytest.methods.Randomizers generateAlphabeticString
INFO: Generating alphabetic string with 5 characters
May 30, 2016 11:36:34 PM se.nackademin.librarytest.methods.Randomizers generateAlphabeticString
INFO: Generating alphabetic string with 5 characters
May 30, 2016 11:36:34 PM se.nackademin.librarytest.methods.Randomizers generateAlphabeticString
INFO: Generating alphabetic string with 5 characters
May 30, 2016 11:36:34 PM se.nackademin.librarytest.pages.PageBase clickButton
INFO: Clicking sign in page button
May 30, 2016 11:36:35 PM se.nackademin.librarytest.pages.PageBase setTextFieldValue
INFO: Setting username to admin
May 30, 2016 11:36:35 PM se.nackademin.librarytest.pages.PageBase setTextFieldValue
INFO: Setting password to 1234567890
May 30, 2016 11:36:36 PM se.nackademin.librarytest.pages.PageBase clickButton
INFO: Clicking log in button
May 30, 2016 11:36:36 PM se.nackademin.librarytest.pages.PageBase clickButton
INFO: Clicking add user page button
May 30, 2016 11:36:36 PM se.nackademin.librarytest.pages.PageBase setTextFieldValue
INFO: Setting username field to TBgXP
May 30, 2016 11:36:36 PM se.nackademin.librarytest.pages.PageBase setTextFieldValue
INFO: Setting password field to ZCciX
May 30, 2016 11:36:36 PM se.nackademin.librarytest.pages.PageBase setTextFieldValue
INFO: Setting email field to EQwop
May 30, 2016 11:36:37 PM se.nackademin.librarytest.pages.PageBase setSelectedToTrue
INFO: Setting librarian button to true
May 30, 2016 11:36:39 PM se.nackademin.librarytest.pages.PageBase clickButton
INFO: Clicking add user button
May 30, 2016 11:36:39 PM se.nackademin.librarytest.pages.PageBase clickButton
INFO: Clicking sign in page button
May 30, 2016 11:36:39 PM se.nackademin.librarytest.pages.PageBase setTextFieldValue
INFO: Setting username to TBgXP
May 30, 2016 11:36:39 PM se.nackademin.librarytest.pages.PageBase setTextFieldValue
INFO: Setting password to ZCciX
May 30, 2016 11:36:40 PM se.nackademin.librarytest.pages.PageBase clickButton
INFO: Clicking log in button
May 30, 2016 11:36:40 PM se.nackademin.librarytest.pages.PageBase clickButton
INFO: Clicking add book page button
May 30, 2016 11:36:40 PM se.nackademin.librarytest.pages.PageBase getTextFromField
INFO: Getting text from add book content header
May 30, 2016 11:36:44 PM se.nackademin.librarytest.pages.PageBase clickButton
INFO: Clicking sign out button
May 30, 2016 11:36:44 PM se.nackademin.librarytest.pages.PageBase clickButton
INFO: Clicking home page button
</system-err>
  </testcase>
  <testcase classname="se.nackademin.librarytest.SelenideTest" name="testDeleteAuthorWithBooks" time="12.794">
    <skipped/>
  </testcase>
</testsuite>